start of job
eliminating results slurm older than 10 days
2024-09-10 11:32:07
/mnt/beegfs/lcesarini/ge-distance/src/distance
no change     /apps/miniconda3/condabin/conda
no change     /apps/miniconda3/bin/conda
no change     /apps/miniconda3/bin/conda-env
no change     /apps/miniconda3/bin/activate
no change     /apps/miniconda3/bin/deactivate
no change     /apps/miniconda3/etc/profile.d/conda.sh
no change     /apps/miniconda3/etc/fish/conf.d/conda.fish
no change     /apps/miniconda3/shell/condabin/Conda.psm1
no change     /apps/miniconda3/shell/condabin/conda-hook.ps1
no change     /apps/miniconda3/lib/python3.9/site-packages/xontrib/conda.xsh
no change     /apps/miniconda3/etc/profile.d/conda.csh
no change     /home/luigi.cesarini/.bashrc
No action taken.
(95, 2)
(925, 2)
(9174, 2)
Tue Sep 10 11:32:22 CEST 2024
end of job
